<?xml version="1.0" encoding="UTF-8" standalone="yes"?>
<ns2:test-suite start="1739216687274" stop="1739216739861" version="1.5.2" xmlns:ns2="urn:model.allure.qatools.yandex.ru">
    <name>As a Amex customer, user should be able to submit the form for Gold plus</name>
    <description type="text"></description>
    <test-cases>
        <test-case start="1739216687327" stop="1739216715610" status="broken">
            <name>Login into the application</name>
            <title>Login into the application</title>
            <description type="text"></description>
            <failure>
                <message>ElementClickInterceptedException: element click intercepted: Element is not clickable at point (521, 738)
  (Session info: chrome=133.0.6943.60)
Build info: version: '3.11.0', revision: 'e59cfb3', time: '2018-03-11T20:26:55.152Z'
System info: host: 'THARA-S', ip: '192.168.1.6', os.name: 'Windows 11', os.arch: 'x86', os.version: '10.0', java.version: '1.8.0_321'
Driver info: org.openqa.selenium.chrome.ChromeDriver
Capabilities {acceptInsecureCerts: false, browserName: chrome, browserVersion: 133.0.6943.60, chrome: {chromedriverVersion: 133.0.6943.53 (9a80935019b0..., userDataDir: C:\Users\srini\AppData\Loca...}, fedcm:accounts: true, goog:chromeOptions: {debuggerAddress: localhost:50335}, javascriptEnabled: true, networkConnectionEnabled: false, pageLoadStrategy: normal, platform: WINDOWS, platformName: WINDOWS, proxy: Proxy(), setWindowRect: true, strictFileInteractability: false, timeouts: {implicit: 0, pageLoad: 300000, script: 30000}, unhandledPromptBehavior: dismiss and notify, webauthn:extension:credBlob: true, webauthn:extension:largeBlob: true, webauthn:extension:minPinLength: true, webauthn:extension:prf: true, webauthn:virtualAuthenticators: true}
Session ID: 503a0c0dd5df9484c13cd2850603ca1a</message>
                <stack-trace>org.openqa.selenium.ElementClickInterceptedException: element click intercepted: Element is not clickable at point (521, 738)
  (Session info: chrome=133.0.6943.60)
Build info: version: '3.11.0', revision: 'e59cfb3', time: '2018-03-11T20:26:55.152Z'
System info: host: 'THARA-S', ip: '192.168.1.6', os.name: 'Windows 11', os.arch: 'x86', os.version: '10.0', java.version: '1.8.0_321'
Driver info: org.openqa.selenium.chrome.ChromeDriver
Capabilities {acceptInsecureCerts: false, browserName: chrome, browserVersion: 133.0.6943.60, chrome: {chromedriverVersion: 133.0.6943.53 (9a80935019b0..., userDataDir: C:\Users\srini\AppData\Loca...}, fedcm:accounts: true, goog:chromeOptions: {debuggerAddress: localhost:50335}, javascriptEnabled: true, networkConnectionEnabled: false, pageLoadStrategy: normal, platform: WINDOWS, platformName: WINDOWS, proxy: Proxy(), setWindowRect: true, strictFileInteractability: false, timeouts: {implicit: 0, pageLoad: 300000, script: 30000}, unhandledPromptBehavior: dismiss and notify, webauthn:extension:credBlob: true, webauthn:extension:largeBlob: true, webauthn:extension:minPinLength: true, webauthn:extension:prf: true, webauthn:virtualAuthenticators: true}
Session ID: 503a0c0dd5df9484c13cd2850603ca1a
	at sun.reflect.NativeConstructorAccessorImpl.newInstance0(Native Method)
	at sun.reflect.NativeConstructorAccessorImpl.newInstance(NativeConstructorAccessorImpl.java:62)
	at sun.reflect.DelegatingConstructorAccessorImpl.newInstance(DelegatingConstructorAccessorImpl.java:45)
	at java.lang.reflect.Constructor.newInstance(Constructor.java:423)
	at org.openqa.selenium.remote.http.W3CHttpResponseCodec.createException(W3CHttpResponseCodec.java:187)
	at org.openqa.selenium.remote.http.W3CHttpResponseCodec.decode(W3CHttpResponseCodec.java:122)
	at org.openqa.selenium.remote.http.W3CHttpResponseCodec.decode(W3CHttpResponseCodec.java:49)
	at org.openqa.selenium.remote.HttpCommandExecutor.execute(HttpCommandExecutor.java:158)
	at org.openqa.selenium.remote.service.DriverCommandExecutor.execute(DriverCommandExecutor.java:83)
	at org.openqa.selenium.remote.RemoteWebDriver.execute(RemoteWebDriver.java:545)
	at org.openqa.selenium.remote.RemoteWebElement.execute(RemoteWebElement.java:279)
	at org.openqa.selenium.remote.RemoteWebElement.click(RemoteWebElement.java:83)
	at sun.reflect.NativeMethodAccessorImpl.invoke0(Native Method)
	at sun.reflect.NativeMethodAccessorImpl.invoke(NativeMethodAccessorImpl.java:62)
	at sun.reflect.DelegatingMethodAccessorImpl.invoke(DelegatingMethodAccessorImpl.java:43)
	at java.lang.reflect.Method.invoke(Method.java:498)
	at org.openqa.selenium.support.pagefactory.internal.LocatingElementHandler.invoke(LocatingElementHandler.java:51)
	at com.sun.proxy.$Proxy22.click(Unknown Source)
	at com.cucumberFramework.pageObjects.AmexLandingGoldPage.clickContinueBtn(AmexLandingGoldPage.java:167)
	at com.cucumberFramework.stepdefinitions.AmexPageStepDefinitions.clickOnContinueButton(AmexPageStepDefinitions.java:53)
	at âœ½.And Click on continue button(src/test/resources/features/login/LandingPage.feature:9)
</stack-trace>
            </failure>
            <steps>
                <step start="1739216689966" stop="1739216691565" status="passed">
                    <name>Given I am on the Login page URL "https://www.americanexpress.com/fr-fr/?inav=NavLogo"</name>
                    <title>Given I am on the Login page URL "https://www.americanexpress.com/fr-fr/?inav=NavLogo"</title>
                </step>
                <step start="1739216691565" stop="1739216695416" status="passed">
                    <name>When I click on the Cartes American Express link</name>
                    <title>When I click on the Cartes American Express link</title>
                </step>
                <step start="1739216695416" stop="1739216698829" status="passed">
                    <name>Then I will select the En savoir plus under Gold</name>
                    <title>Then I will select the En savoir plus under Gold</title>
                </step>
                <step start="1739216698829" stop="1739216707210" status="passed">
                    <name>And I will proceed to the next page by clicking Demandez votre Carte</name>
                    <title>And I will proceed to the next page by clicking Demandez votre Carte</title>
                </step>
                <step start="1739216707210" stop="1739216713324" status="passed">
                    <name>Then I will fill in the userDetails</name>
                    <title>Then I will fill in the userDetails</title>
                </step>
                <step start="1739216713324" stop="1739216714554" status="broken">
                    <name>And Click on continue button</name>
                    <title>And Click on continue button</title>
                </step>
            </steps>
            <attachments>
                <attachment title="attachment0" source="730dbe34-049d-4a86-94a1-d7c8e3df1f82-attachment.png" type="image/png"/>
            </attachments>
            <labels>
                <label name="story" value="Login into the application"/>
                <label name="feature" value="As a Amex customer, user should be able to submit the form for Gold plus"/>
                <label name="host" value="Thara-s"/>
                <label name="thread" value="24148@Thara-s.main(1)"/>
                <label name="framework" value="CucumberJVM"/>
            </labels>
        </test-case>
        <test-case start="1739216715610" stop="1739216739845" status="passed">
            <name>Error message validation</name>
            <title>Error message validation</title>
            <description type="text"></description>
            <steps>
                <step start="1739216716920" stop="1739216718456" status="passed">
                    <name>Given I am on the Login page URL "https://www.americanexpress.com/fr-fr/?inav=NavLogo"</name>
                    <title>Given I am on the Login page URL "https://www.americanexpress.com/fr-fr/?inav=NavLogo"</title>
                    <attachments/>
                    <steps/>
                </step>
                <step start="1739216718456" stop="1739216722233" status="passed">
                    <name>When I click on the Cartes American Express link</name>
                    <title>When I click on the Cartes American Express link</title>
                    <attachments/>
                    <steps/>
                </step>
                <step start="1739216722233" stop="1739216725283" status="passed">
                    <name>Then I will select the En savoir plus under Gold</name>
                    <title>Then I will select the En savoir plus under Gold</title>
                    <attachments/>
                    <steps/>
                </step>
                <step start="1739216725286" stop="1739216732932" status="passed">
                    <name>And I will proceed to the next page by clicking Demandez votre Carte</name>
                    <title>And I will proceed to the next page by clicking Demandez votre Carte</title>
                    <attachments/>
                    <steps/>
                </step>
                <step start="1739216732932" stop="1739216738980" status="passed">
                    <name>And I will click on continue button to evaluate the error messages</name>
                    <title>And I will click on continue button to evaluate the error messages</title>
                    <attachments/>
                    <steps/>
                </step>
            </steps>
            <attachments>
                <attachment title="attachment1" source="ee42f157-2716-46da-b16f-b7faa9fa05b9-attachment.png" type="image/png"/>
            </attachments>
            <labels>
                <label name="story" value="Error message validation"/>
                <label name="feature" value="As a Amex customer, user should be able to submit the form for Gold plus"/>
                <label name="host" value="Thara-s"/>
                <label name="thread" value="24148@Thara-s.main(1)"/>
                <label name="framework" value="CucumberJVM"/>
            </labels>
        </test-case>
    </test-cases>
    <labels>
        <label name="feature" value="As a Amex customer, user should be able to submit the form for Gold plus"/>
        <label name="language" value="JAVA"/>
    </labels>
</ns2:test-suite>
