<?xml version="1.0" encoding="UTF-8"?>
<!-- Generated by org.testng.reporters.JUnitXMLReporter -->
<testsuite hostname="Thara-s" name="Regression Test" tests="1" failures="1" timestamp="9 Feb 2025 19:40:02 GMT" time="17.829" errors="0">
  <testcase name="feature" time="16.567" classname="com.cucumberFramework.testRunner.TestRunner">
    <failure type="cucumber.runtime.CucumberException" message="java.lang.AssertionError: expected [American Express - CARTE GOLD AMERICAN EXPRESS] but found [One App]">
      <![CDATA[cucumber.runtime.CucumberException: java.lang.AssertionError: expected [American Express - CARTE GOLD AMERICAN EXPRESS] but found [One App]
	at cucumber.api.testng.TestNGCucumberRunner.runCucumber(TestNGCucumberRunner.java:69)
	at com.cucumberFramework.testRunner.TestRunner.feature(TestRunner.java:27)
Caused by: java.lang.AssertionError: expected [American Express - CARTE GOLD AMERICAN EXPRESS] but found [One App]
	at com.cucumberFramework.pageObjects.LoginLogoutPage.ClickDemandezvotreCarte(LoginLogoutPage.java:132)
	at com.cucumberFramework.stepdefinitions.loginLogoutPageStepDefinitions.iWillProceedToTheNextPageByClickingDemandezVotreCarte(loginLogoutPageStepDefinitions.java:40)
	at âœ½.And I will proceed to the next page by clicking Demandez votre Carte(src/test/resources/features/login/login_logout.feature:7)
... Removed 33 stack frames]]>
    </failure>
  </testcase> <!-- feature -->
</testsuite> <!-- Regression Test -->
